<?xml version="1.0" encoding="UTF-8" standalone="yes"?><!DOCTYPE report PUBLIC "-//JACOCO//DTD Report 1.0//EN" "report.dtd"><report name="War Card Game"><sessioninfo id="rpaul-Q534UXK-5caf01ee" start="1512612544940" dump="1512612546819"/><sessioninfo id="rpaul-Q534UXK-708a9ea8" start="1512612857207" dump="1512612859826"/><sessioninfo id="rpaul-Q534UXK-9a0eabbe" start="1512613516800" dump="1512613519368"/><sessioninfo id="rpaul-Q534UXK-aa14c369" start="1512614166562" dump="1512614169059"/><sessioninfo id="rpaul-Q534UXK-2665633" start="1512614323508" dump="1512614325998"/><sessioninfo id="rpaul-Q534UXK-7159761f" start="1512614867743" dump="1512614869945"/><sessioninfo id="rpaul-Q534UXK-12685161" start="1512615022392" dump="1512615024909"/><sessioninfo id="rpaul-Q534UXK-d13dbcef" start="1512616024048" dump="1512616026345"/><sessioninfo id="rpaul-Q534UXK-c542d6e3" start="1512616089995" dump="1512616092647"/><sessioninfo id="rpaul-Q534UXK-90433b5b" start="1512616464613" dump="1512616467391"/><sessioninfo id="rpaul-Q534UXK-af6446e" start="1512616532790" dump="1512616535381"/><sessioninfo id="rpaul-Q534UXK-1dd4a774" start="1512616774953" dump="1512616777035"/><sessioninfo id="rpaul-Q534UXK-b7b35f31" start="1512617160914" dump="1512617163049"/></report>