<?xml version="1.0" encoding="UTF-8" standalone="yes"?><!DOCTYPE report PUBLIC "-//JACOCO//DTD Report 1.0//EN" "report.dtd"><report name="War Card Game"><sessioninfo id="rpaul-Q534UXK-5df3018e" start="1513466137169" dump="1513466141647"/><sessioninfo id="rpaul-Q534UXK-2686ed6c" start="1513466137189" dump="1513466141900"/><sessioninfo id="rpaul-Q534UXK-5da9a2f3" start="1513466137140" dump="1513466141998"/><sessioninfo id="rpaul-Q534UXK-a90c34ac" start="1513466144461" dump="1513466149686"/><sessioninfo id="rpaul-Q534UXK-7de78163" start="1513466144471" dump="1513466149817"/><sessioninfo id="rpaul-Q534UXK-5f91515e" start="1513466144485" dump="1513466149915"/></report>